<?xml version="1.0" encoding="UTF-8"?>
<testng-results skipped="0" failed="0" total="1" passed="1">
  <reporter-output>
  </reporter-output>
  <suite name="SimpleTest" duration-ms="12" started-at="2018-05-07T14:00:18Z" finished-at="2018-05-07T14:00:18Z">
    <groups>
    </groups>
    <test name="Command line test" duration-ms="12" started-at="2018-05-07T14:00:18Z" finished-at="2018-05-07T14:00:18Z">
      <class name="SimpleTest">
        <test-method status="PASS" signature="doBeforeTest()[pri:0, instance:SimpleTest@54a097cc]" name="doBeforeTest" is-config="true" duration-ms="4" started-at="2018-05-07T16:00:18Z" finished-at="2018-05-07T16:00:18Z">
          <reporter-output>
          </reporter-output>
        </test-method> <!-- doBeforeTest -->
        <test-method status="PASS" signature="doTestMagic()[pri:0, instance:SimpleTest@54a097cc]" name="doTestMagic" duration-ms="1" started-at="2018-05-07T16:00:18Z" finished-at="2018-05-07T16:00:18Z">
          <reporter-output>
          </reporter-output>
        </test-method> <!-- doTestMagic -->
        <test-method status="PASS" signature="doAfterTest()[pri:0, instance:SimpleTest@54a097cc]" name="doAfterTest" is-config="true" duration-ms="0" started-at="2018-05-07T16:00:18Z" finished-at="2018-05-07T16:00:18Z">
          <reporter-output>
          </reporter-output>
        </test-method> <!-- doAfterTest -->
      </class> <!-- SimpleTest -->
    </test> <!-- Command line test -->
  </suite> <!-- SimpleTest -->
</testng-results>
